IQ-TREE multicore version 1.6.12 for Linux 64-bit built Aug 15 2019
Developed by Bui Quang Minh, Nguyen Lam Tung, Olga Chernomor,
Heiko Schmidt, Dominik Schrempf, Michael Woodhams.

Host:    fermat (AVX2, FMA3, 1009 GB RAM)
Command: ../../iqtree -s IQTREEScript.alter.fas -spp partition.nex -pre IQTREEScript.alter.fas -m TEST -bb 1000 -alrt 1000
Seed:    205515 (Using SPRNG - Scalable Parallel Random Number Generator)
Time:    Tue Dec  5 13:48:34 2023
Kernel:  AVX+FMA - 1 threads (128 CPU cores detected)

HINT: Use -nt option to specify number of threads because your CPU has 128 cores!
HINT: -nt AUTO will automatically determine the best number of threads to use.

Reading partition model file partition.nex ...
Reading alignment file IQTREEScript.alter.fas ... Fasta format detected
Alignment most likely contains protein sequences
Alignment has 29 sequences with 1939 columns, 1549 distinct patterns
888 parsimony-informative, 329 singleton sites, 722 constant sites
                            Gap/Ambiguity  Composition  p-value
   1  Amborella_trichopoda          2.78%    passed     99.95%
   2  Arabidopsis_thaliana          0.00%    passed     95.38%
   3  Azolla_filiculoides          17.28%    passed     99.77%
   4  Brachypodium_distachyon       0.05%    passed    100.00%
   5  Chara_braunii                13.36%    passed     99.83%
   6  Chlamydomonas_reinhardtii     2.78%    passed     74.18%
   7  Coccomyxa_subellipsoidea      0.31%    passed     97.91%
   8  Coleochaete_scutata          54.67%    passed     95.54%
   9  Cosmarium_broomeei           46.42%    passed     98.62%
  10  Cylindrocystis_brebissonii   11.86%    passed     99.87%
  11  Klebsormidium_flaccidum       6.09%    passed    100.00%
  12  Marchantia_polymorpha         0.05%    passed     99.96%
  13  Serritaenia_sp                8.72%    passed     98.50%
  14  Nesotaenium_endlicherianum    1.55%    passed     99.99%
  15  Mesostigma_viride            83.24%    passed     26.13%
  16  Micrasterias_frimbriata       7.27%    passed    100.00%
  17  Micromonas_pusilla            0.93%    passed     74.52%
  18  Mougeotia_scalaris            0.10%    passed     98.97%
  19  Oryza_sativa                  5.42%    passed     99.96%
  20  Ostreococcus_lucimarius       1.24%    passed     29.32%
  21  Penium_margaritaceum          3.97%    passed    100.00%
  22  Physcomitrium_patens          0.00%    passed    100.00%
  23  Picea_abies                  43.42%    passed     91.23%
  24  Selaginella_moellendorffii    0.00%    passed    100.00%
  25  Spirogyra_pratensis          12.69%    passed     32.93%
  26  Ulva_mutabilis                6.55%    passed     50.34%
  27  Volvox_carteri                7.63%    passed     97.33%
  28  Zygnema_circumcarinatum      23.72%    passed     99.80%
  29  Zygnemopsis_sp                0.00%    passed     99.59%
WARNING: 2 sequences contain more than 50% gaps/ambiguity
****  TOTAL                        12.49%  0 sequences failed composition chi2 test (p-value<5%; df=19)
NOTE: No CharPartition defined, use all CharSets

Loading 9 partitions...
Subset	Type	Seqs	Sites	Infor	Invar	Model	Name
1		27	314	158	99	TEST	GENE1
2		27	120	85	21	TEST	GENE2
3		28	367	69	249	TEST	GENE3
4		28	225	110	68	TEST	GENE4
5		24	213	129	53	TEST	GENE5
6		26	145	80	42	TEST	GENE6
7		28	141	80	29	TEST	GENE7
8		28	281	113	116	TEST	GENE8
9		28	133	64	45	TEST	GENE9
Degree of missing data: 0.063
Info: multi-threading strategy over partitions



Create initial parsimony tree by phylogenetic likelihood library (PLL)... 0.009 seconds
NOTE: ModelFinder requires 36 MB RAM!
Testing LG+F+G on supermatrix...
LG+F+G4 / LnL: -34265.072 / df: 75 / AIC: 68680.144 / AICc: 68686.263 / BIC: 69097.889
Selecting individual models for 9 charsets using BIC...
 No. Model        Score       Charset
   1 LG+I+G4      13002.123   GENE1
   2 LG+G4        5130.797    GENE2
   3 LG+I+G4      6473.421    GENE3
   4 LG+G4        9092.619    GENE4
   5 LG+G4        8864.479    GENE5
   6 LG+I+G4      6114.709    GENE6
   7 LG+G4        6435.247    GENE7
   8 LG+I+G4      8864.583    GENE8
   9 LG+G4        4394.430    GENE9
Full partition model BIC score: 68830.104 (LnL: -34127.395  df:76)
Partition information was printed to IQTREEScript.alter.fas.best_scheme.nex
Partition information in Raxml format was printed to IQTREEScript.alter.fas.best_scheme

All model information printed to IQTREEScript.alter.fas.model.gz
CPU time for ModelFinder: 120.788 seconds (0h:2m:0s)
Wall-clock time for ModelFinder: 121.267 seconds (0h:2m:1s)
Generating 1000 samples for ultrafast bootstrap (seed: 205515)...

NOTE: 36 MB RAM (0 GB) is required!
Estimate model parameters (epsilon = 0.100)
Initial log-likelihood: -34313.585
Current log-likelihood at step 1: -34131.179
Current log-likelihood at step 2: -34127.286
Current log-likelihood at step 3: -34127.054
Current log-likelihood at step 4: -34126.887
Current log-likelihood at step 5: -34126.765
Current log-likelihood at step 6: -34126.675
Partition-specific rates:  1.207 1.448 0.289 1.065 1.469 1.666 1.344 0.683 0.785
Parameters optimization took 5 rounds (3.321 sec)

Computing ML distances based on estimated model parameters... 1.620 sec
WARNING: Some pairwise ML distances are too long (saturated)
Computing BIONJ tree...
0.050 seconds
Log-likelihood of BIONJ tree: -34393.912
--------------------------------------------------------------------
|             INITIALIZING CANDIDATE TREE SET                      |
--------------------------------------------------------------------
Generating 98 parsimony trees... 1.467 second
Computing log-likelihood of 98 initial trees ... 19.033 seconds
Current best score: -34124.943

Do NNI search on 20 best initial trees
Estimate model parameters (epsilon = 0.100)
Initial log-likelihood: -34098.994
Current log-likelihood at step 1: -34098.388
Current log-likelihood at step 2: -34098.297
Parameters optimization took 1 rounds (0.962 sec)

BETTER TREE FOUND at iteration 1: -34098.297
Iteration 10 / LogL: -34120.331 / Time: 0h:0m:40s
Estimate model parameters (epsilon = 0.100)
Initial log-likelihood: -34098.138
Current log-likelihood at step 1: -34098.051
Parameters optimization took 0 rounds (0.452 sec)

BETTER TREE FOUND at iteration 17: -34098.051
Iteration 20 / LogL: -34110.606 / Time: 0h:0m:59s
Finish initializing candidate tree set (8)
Current best tree score: -34098.051 / CPU time: 53.562
Number of iterations: 20
--------------------------------------------------------------------
|               OPTIMIZING CANDIDATE TREE SET                      |
--------------------------------------------------------------------
Iteration 30 / LogL: -34098.967 / Time: 0h:1m:19s (0h:3m:58s left)
Iteration 40 / LogL: -34098.295 / Time: 0h:1m:40s (0h:3m:18s left)
Iteration 50 / LogL: -34107.404 / Time: 0h:2m:3s (0h:2m:48s left)
Log-likelihood cutoff on original alignment: -34153.882
Iteration 60 / LogL: -34098.816 / Time: 0h:2m:24s (0h:2m:19s left)
Iteration 70 / LogL: -34099.767 / Time: 0h:2m:45s (0h:1m:52s left)
Iteration 80 / LogL: -34100.544 / Time: 0h:3m:6s (0h:1m:27s left)
Iteration 90 / LogL: -34098.624 / Time: 0h:3m:26s (0h:1m:2s left)
Iteration 100 / LogL: -34099.185 / Time: 0h:3m:50s (0h:0m:39s left)
Log-likelihood cutoff on original alignment: -34152.611
NOTE: Bootstrap correlation coefficient of split occurrence frequencies: 0.998
Iteration 110 / LogL: -34098.507 / Time: 0h:4m:14s (0h:3m:30s left)
TREE SEARCH COMPLETED AFTER 118 ITERATIONS / Time: 0h:4m:35s

--------------------------------------------------------------------
|                    FINALIZING TREE SEARCH                        |
--------------------------------------------------------------------
Performs final model parameters optimization
Estimate model parameters (epsilon = 0.010)
Initial log-likelihood: -34098.049
Current log-likelihood at step 1: -34098.016
Current log-likelihood at step 2: -34097.994
Current log-likelihood at step 3: -34097.981
Current log-likelihood at step 4: -34097.972
Partition-specific rates:  1.228 1.472 0.280 1.042 1.505 1.641 1.326 0.667 0.802
Parameters optimization took 3 rounds (1.547 sec)

BEST SCORE FOUND : -34097.972

Testing tree branches by SH-like aLRT with 1000 replicates...
1.751 sec.
Creating bootstrap support values...
Split supports printed to NEXUS file IQTREEScript.alter.fas.splits.nex
Total tree length: 4.851

Total number of iterations: 118
CPU time used for tree search: 268.840 sec (0h:4m:28s)
Wall-clock time used for tree search: 269.683 sec (0h:4m:29s)
Total CPU time used: 278.028 sec (0h:4m:38s)
Total wall-clock time used: 279.149 sec (0h:4m:39s)

Computing bootstrap consensus tree...
Reading input file IQTREEScript.alter.fas.splits.nex...
29 taxa and 164 splits.
Consensus tree written to IQTREEScript.alter.fas.contree
Reading input trees file IQTREEScript.alter.fas.contree
Log-likelihood of consensus tree: -34097.972

Analysis results written to: 
  IQ-TREE report:                IQTREEScript.alter.fas.iqtree
  Maximum-likelihood tree:       IQTREEScript.alter.fas.treefile
  Likelihood distances:          IQTREEScript.alter.fas.mldist
  Best partitioning scheme:      IQTREEScript.alter.fas.best_scheme.nex
           in RAxML format:      IQTREEScript.alter.fas.best_scheme

Ultrafast bootstrap approximation results written to:
  Split support values:          IQTREEScript.alter.fas.splits.nex
  Consensus tree:                IQTREEScript.alter.fas.contree
  Screen log file:               IQTREEScript.alter.fas.log

Date and Time: Tue Dec  5 13:55:15 2023
